  [4;36;1mSQL (0.5ms)[0m   [0;1m SELECT name
 FROM sqlite_master
 WHERE type = 'table' AND NOT name = 'sqlite_sequence'
[0m
  [4;35;1mSQL (0.3ms)[0m   [0mselect sqlite_version(*)[0m
  [4;36;1mSQL (147.4ms)[0m   [0;1mCREATE TABLE "schema_migrations" ("version" varchar(255) NOT NULL) [0m
  [4;35;1mSQL (0.4ms)[0m   [0mPRAGMA index_list("schema_migrations")[0m
  [4;36;1mSQL (93.2ms)[0m   [0;1mCREATE UNIQUE INDEX "unique_schema_migrations" ON "schema_migrations" ("version")[0m
  [4;35;1mSQL (1.2ms)[0m   [0m SELECT name
 FROM sqlite_master
 WHERE type = 'table' AND NOT name = 'sqlite_sequence'
[0m
  [4;36;1mSQL (1.5ms)[0m   [0;1mSELECT version FROM schema_migrations[0m
Migrating to CreateAccounts (20100626144213)
  [4;35;1mSQL (1.0ms)[0m   [0mCREATE TABLE "accounts" ("id" INTEGER PRIMARY KEY AUTOINCREMENT NOT NULL, "user_id" integer, "name" varchar(255), "bids" integer, "price" integer, "auction_id" integer, "created_at" datetime, "updated_at" datetime) [0m
  [4;36;1mSQL (0.3ms)[0m   [0;1mINSERT INTO schema_migrations (version) VALUES ('20100626144213')[0m
Migrating to CreateAddressTypes (20100626144249)
  [4;35;1mSQL (0.9ms)[0m   [0mCREATE TABLE "address_types" ("id" INTEGER PRIMARY KEY AUTOINCREMENT NOT NULL, "name" varchar(255)) [0m
  [4;36;1mSQL (0.6ms)[0m   [0;1mINSERT INTO schema_migrations (version) VALUES ('20100626144249')[0m
  [4;35;1mSQL (0.5ms)[0m   [0m SELECT name
 FROM sqlite_master
 WHERE type = 'table' AND NOT name = 'sqlite_sequence'
[0m
  [4;36;1mSQL (0.3ms)[0m   [0;1mSELECT version FROM schema_migrations[0m
  [4;35;1mSQL (0.5ms)[0m   [0m SELECT name
 FROM sqlite_master
 WHERE type = 'table' AND NOT name = 'sqlite_sequence'
[0m
  [4;36;1mSQL (0.1ms)[0m   [0;1mPRAGMA index_list("accounts")[0m
  [4;35;1mSQL (0.4ms)[0m   [0mPRAGMA index_list("address_types")[0m
  [4;36;1mAddressType Create (0.9ms)[0m   [0;1mINSERT INTO "address_types" ("name") VALUES('Billing')[0m
  [4;35;1mAddressType Create (1.2ms)[0m   [0mINSERT INTO "address_types" ("name") VALUES('Shipping')[0m
  [4;36;1mSQL (24.4ms)[0m   [0;1m SELECT name
 FROM sqlite_master
 WHERE type = 'table' AND NOT name = 'sqlite_sequence'
[0m
  [4;35;1mSQL (1.4ms)[0m   [0mSELECT version FROM schema_migrations[0m
Migrating to CreateAccounts (20100626144213)
Migrating to CreateAddressTypes (20100626144249)
Migrating to CreateAddresses (20100626144930)
  [4;36;1mSQL (0.8ms)[0m   [0;1mselect sqlite_version(*)[0m
  [4;35;1mSQL (0.9ms)[0m   [0mCREATE TABLE "addresses" ("id" INTEGER PRIMARY KEY AUTOINCREMENT NOT NULL, "user_id" integer, "address_type_id" integer, "name" varchar(255), "address" varchar(255), "suburb" varchar(255), "city" varchar(255), "postcode" varchar(255), "state" varchar(255), "country_id" integer, "phone" varchar(255), "created_at" datetime, "updated_at" datetime) [0m
  [4;36;1mSQL (0.3ms)[0m   [0;1mINSERT INTO schema_migrations (version) VALUES ('20100626144930')[0m
Migrating to CreateUsers (20100626145517)
  [4;35;1mSQL (0.7ms)[0m   [0mCREATE TABLE "users" ("id" INTEGER PRIMARY KEY AUTOINCREMENT NOT NULL, "username" varchar(255), "password" varchar(255), "first_name" varchar(255), "last_name" varchar(255), "date_of_birth" datetime, "gender_id" integer, "email" varchar(255), "active" boolean, "key" varchar(255), "newsletter" boolean, "admin" boolean, "autobidder" boolean, "autobidder_bid_message" varchar(255), "created_at" datetime, "updated_at" datetime) [0m
  [4;36;1mSQL (0.3ms)[0m   [0;1mINSERT INTO schema_migrations (version) VALUES ('20100626145517')[0m
Migrating to CreateGenders (20100626145615)
  [4;35;1mSQL (1.2ms)[0m   [0mCREATE TABLE "genders" ("id" INTEGER PRIMARY KEY AUTOINCREMENT NOT NULL, "name" varchar(255)) [0m
  [4;36;1mGender Create (1.9ms)[0m   [0;1mINSERT INTO "genders" ("name") VALUES('Male')[0m
  [4;35;1mSQL (0.8ms)[0m   [0m SELECT name
 FROM sqlite_master
 WHERE type = 'table' AND NOT name = 'sqlite_sequence'
[0m
  [4;36;1mSQL (1.0ms)[0m   [0;1m SELECT name
 FROM sqlite_master
 WHERE type = 'table' AND NOT name = 'sqlite_sequence'
[0m
  [4;35;1mSQL (0.6ms)[0m   [0mSELECT version FROM schema_migrations[0m
  [4;36;1mSQL (0.6ms)[0m   [0;1m SELECT name
 FROM sqlite_master
 WHERE type = 'table' AND NOT name = 'sqlite_sequence'
[0m
  [4;35;1mSQL (0.5ms)[0m   [0mSELECT version FROM schema_migrations[0m
Migrating to CreateUsers (20100626145517)
  [4;36;1mSQL (0.2ms)[0m   [0;1mselect sqlite_version(*)[0m
  [4;35;1mSQL (42.3ms)[0m   [0mDROP TABLE "users"[0m
  [4;36;1mSQL (0.9ms)[0m   [0;1mDELETE FROM schema_migrations WHERE version = '20100626145517'[0m
  [4;35;1mSQL (0.6ms)[0m   [0m SELECT name
 FROM sqlite_master
 WHERE type = 'table' AND NOT name = 'sqlite_sequence'
[0m
  [4;36;1mSQL (0.4ms)[0m   [0;1mSELECT version FROM schema_migrations[0m
  [4;35;1mSQL (0.4ms)[0m   [0m SELECT name
 FROM sqlite_master
 WHERE type = 'table' AND NOT name = 'sqlite_sequence'
[0m
  [4;36;1mSQL (0.1ms)[0m   [0;1mPRAGMA index_list("accounts")[0m
  [4;35;1mSQL (0.1ms)[0m   [0mPRAGMA index_list("address_types")[0m
  [4;36;1mSQL (0.1ms)[0m   [0;1mPRAGMA index_list("addresses")[0m
  [4;36;1mSQL (1.0ms)[0m   [0;1m SELECT name
 FROM sqlite_master
 WHERE type = 'table' AND NOT name = 'sqlite_sequence'
[0m
  [4;35;1mSQL (0.5ms)[0m   [0mSELECT version FROM schema_migrations[0m
Migrating to CreateAccounts (20100626144213)
Migrating to CreateAddressTypes (20100626144249)
Migrating to CreateAddresses (20100626144930)
Migrating to CreateUsers (20100626145517)
  [4;36;1mSQL (0.3ms)[0m   [0;1mselect sqlite_version(*)[0m
  [4;35;1mSQL (1.1ms)[0m   [0mCREATE TABLE "users" ("id" INTEGER PRIMARY KEY AUTOINCREMENT NOT NULL, "username" varchar(255), "password" varchar(255), "first_name" varchar(255), "last_name" varchar(255), "date_of_birth" datetime, "gender_id" integer, "email" varchar(255), "active" boolean, "key" varchar(255), "newsletter" boolean, "admin" boolean, "autobidder" boolean, "autobidder_bid_message" varchar(255), "created_at" datetime, "updated_at" datetime) [0m
  [4;36;1mSQL (0.3ms)[0m   [0;1mINSERT INTO schema_migrations (version) VALUES ('20100626145517')[0m
Migrating to CreateGenders (20100626145615)
  [4;35;1mSQL (2.0ms)[0m   [0mCREATE TABLE "genders" ("id" INTEGER PRIMARY KEY AUTOINCREMENT NOT NULL, "name" varchar(255)) [0m
  [4;36;1mSQL (0.3ms)[0m   [0;1mINSERT INTO schema_migrations (version) VALUES ('20100626145615')[0m
  [4;35;1mSQL (0.7ms)[0m   [0m SELECT name
 FROM sqlite_master
 WHERE type = 'table' AND NOT name = 'sqlite_sequence'
[0m
  [4;36;1mSQL (0.4ms)[0m   [0;1mSELECT version FROM schema_migrations[0m
  [4;35;1mSQL (0.5ms)[0m   [0m SELECT name
 FROM sqlite_master
 WHERE type = 'table' AND NOT name = 'sqlite_sequence'
[0m
  [4;36;1mSQL (0.1ms)[0m   [0;1mPRAGMA index_list("accounts")[0m
  [4;35;1mSQL (0.1ms)[0m   [0mPRAGMA index_list("address_types")[0m
  [4;36;1mSQL (0.1ms)[0m   [0;1mPRAGMA index_list("addresses")[0m
  [4;35;1mSQL (0.1ms)[0m   [0mPRAGMA index_list("genders")[0m
  [4;36;1mSQL (0.1ms)[0m   [0;1mPRAGMA index_list("users")[0m
  [4;36;1mGender Create (0.7ms)[0m   [0;1mINSERT INTO "genders" ("name") VALUES('Male')[0m
  [4;35;1mGender Create (1.6ms)[0m   [0mINSERT INTO "genders" ("name") VALUES('Female')[0m
